16:06 INFO    : Running for label 'AT2017gfo_Bu2019lm', output will be saved to './outdir'
16:06 INFO    : Running for label 'AT2017gfo_Bu2019lm', output will be saved to './outdir'
16:06 INFO    : Search parameters:
16:06 INFO    :   luminosity_distance = Gaussian(mu=40.0, sigma=1.89, name='luminosity_distance', latex_label='$D_L$', unit=None, boundary=None)
16:06 INFO    :   KNphi = Uniform(minimum=15.0, maximum=75.0, name='KNphi', latex_label='$\\Phi$', unit=None, boundary=None)
16:06 INFO    :   inclination_EM = Sine(minimum=0.0, maximum=1.5707963267948966, name='inclination_EM', latex_label='$\\iota$', unit=None, boundary=None)
16:06 INFO    :   log10_mej_dyn = Uniform(minimum=-3.0, maximum=-1.0, name='log10_mej_dyn', latex_label='$\\log_{10}M^{\\rm{dyn}}_{\\rm{ej}}$', unit=None, boundary=None)
16:06 INFO    :   log10_mej_wind = Uniform(minimum=-3.0, maximum=-0.5, name='log10_mej_wind', latex_label='$\\log_{10}M^{\\rm{wind}}_{\\rm{ej}}$', unit=None, boundary=None)
16:06 INFO    :   Ebv = Interped(xx=array([0.e+00, 1.e-06]), yy=array([2000000.,       0.]), minimum=0.0, maximum=1e-06, name='Ebv', latex_label='$E(B-V)$', unit=None, boundary=None)
16:06 INFO    :   KNtimeshift = 0.0
16:06 WARNING : Supplied argument 'npool' not an argument of 'Pymultinest', removing.
16:06 WARNING : Supplied argument 'queue_size' not an argument of 'Pymultinest', removing.
16:06 WARNING : Supplied argument 'check_point_delta_t' not an argument of 'Pymultinest', removing.
16:06 INFO    : Using sampler Pymultinest with kwargs {'importance_nested_sampling': False, 'resume': True, 'verbose': True, 'sampling_efficiency': 'parameter', 'n_live_points': 8, 'n_params': 6, 'n_clustering_params': None, 'wrapped_params': None, 'multimodal': True, 'const_efficiency_mode': False, 'evidence_tolerance': 0.5, 'n_iter_before_update': 100, 'null_log_evidence': -1e+90, 'max_modes': 100, 'mode_tolerance': -1e+90, 'seed': 42, 'context': 0, 'write_output': True, 'log_zero': -1e+100, 'max_iter': 0, 'init_MPI': False, 'dump_callback': <bound method Pymultinest._dump_callback of <bilby.core.sampler.pymultinest.Pymultinest object at 0x7f63f86949d0>>}
16:06 INFO    : Temporary directory incompatible with MPI, will run in original directory
16:06 INFO    : Using output file ./outdir/pm_AT2017gfo_Bu2019lm/
16:06 INFO    : Search parameters:
16:06 INFO    :   luminosity_distance = Gaussian(mu=40.0, sigma=1.89, name='luminosity_distance', latex_label='$D_L$', unit=None, boundary=None)
16:06 INFO    :   KNphi = Uniform(minimum=15.0, maximum=75.0, name='KNphi', latex_label='$\\Phi$', unit=None, boundary=None)
16:06 INFO    :   inclination_EM = Sine(minimum=0.0, maximum=1.5707963267948966, name='inclination_EM', latex_label='$\\iota$', unit=None, boundary=None)
16:06 INFO    :   log10_mej_dyn = Uniform(minimum=-3.0, maximum=-1.0, name='log10_mej_dyn', latex_label='$\\log_{10}M^{\\rm{dyn}}_{\\rm{ej}}$', unit=None, boundary=None)
16:06 INFO    :   log10_mej_wind = Uniform(minimum=-3.0, maximum=-0.5, name='log10_mej_wind', latex_label='$\\log_{10}M^{\\rm{wind}}_{\\rm{ej}}$', unit=None, boundary=None)
16:06 INFO    :   Ebv = Interped(xx=array([0.e+00, 1.e-06]), yy=array([2000000.,       0.]), minimum=0.0, maximum=1e-06, name='Ebv', latex_label='$E(B-V)$', unit=None, boundary=None)
16:06 INFO    :   KNtimeshift = 0.0
16:06 WARNING : Supplied argument 'npool' not an argument of 'Pymultinest', removing.
16:06 WARNING : Supplied argument 'queue_size' not an argument of 'Pymultinest', removing.
16:06 WARNING : Supplied argument 'check_point_delta_t' not an argument of 'Pymultinest', removing.
16:06 INFO    : Using sampler Pymultinest with kwargs {'importance_nested_sampling': False, 'resume': True, 'verbose': True, 'sampling_efficiency': 'parameter', 'n_live_points': 8, 'n_params': 6, 'n_clustering_params': None, 'wrapped_params': None, 'multimodal': True, 'const_efficiency_mode': False, 'evidence_tolerance': 0.5, 'n_iter_before_update': 100, 'null_log_evidence': -1e+90, 'max_modes': 100, 'mode_tolerance': -1e+90, 'seed': 42, 'context': 0, 'write_output': True, 'log_zero': -1e+100, 'max_iter': 0, 'init_MPI': False, 'dump_callback': <bound method Pymultinest._dump_callback of <bilby.core.sampler.pymultinest.Pymultinest object at 0x7f81db3c9890>>}
16:06 INFO    : Temporary directory incompatible with MPI, will run in original directory
16:06 INFO    : Using output file ./outdir/pm_AT2017gfo_Bu2019lm/
16:07 INFO    : Sampling time: 0:01:45.077886
16:07 INFO    : Sampling time: 0:01:45.128361
16:07 INFO    : Summary of results:
nsamples: 47
ln_noise_evidence:  0.000
ln_evidence: -137.299 +/-  0.486
ln_bayes_factor: -137.299 +/-  0.486

16:07 INFO    : Summary of results:
nsamples: 47
ln_noise_evidence:  0.000
ln_evidence: -137.299 +/-  0.486
ln_bayes_factor: -137.299 +/-  0.486

16:07 INFO    : Writing samples file to /mnt/c/Users/Tyler/Documents/GitHub/UMN0Summer/GW170817/outdir/AT2017gfo_Bu2019lm_posterior_samples.dat
16:07 INFO    : Writing samples file to /mnt/c/Users/Tyler/Documents/GitHub/UMN0Summer/GW170817/outdir/AT2017gfo_Bu2019lm_posterior_samples.dat
16:11 INFO    : Running for label 'AT2017gfo_Bu2019lm', output will be saved to './outdir'
16:11 INFO    : Running for label 'AT2017gfo_Bu2019lm', output will be saved to './outdir'
16:11 INFO    : Search parameters:
16:11 INFO    : Search parameters:
16:11 INFO    :   luminosity_distance = Gaussian(mu=40.0, sigma=1.89, name='luminosity_distance', latex_label='$D_L$', unit=None, boundary=None)
16:11 INFO    :   luminosity_distance = Gaussian(mu=40.0, sigma=1.89, name='luminosity_distance', latex_label='$D_L$', unit=None, boundary=None)
16:11 INFO    :   KNphi = Uniform(minimum=15.0, maximum=75.0, name='KNphi', latex_label='$\\Phi$', unit=None, boundary=None)
16:11 INFO    :   KNphi = Uniform(minimum=15.0, maximum=75.0, name='KNphi', latex_label='$\\Phi$', unit=None, boundary=None)
16:11 INFO    :   inclination_EM = Sine(minimum=0.0, maximum=1.5707963267948966, name='inclination_EM', latex_label='$\\iota$', unit=None, boundary=None)
16:11 INFO    :   log10_mej_dyn = Uniform(minimum=-3.0, maximum=-1.0, name='log10_mej_dyn', latex_label='$\\log_{10}M^{\\rm{dyn}}_{\\rm{ej}}$', unit=None, boundary=None)
16:11 INFO    :   inclination_EM = Sine(minimum=0.0, maximum=1.5707963267948966, name='inclination_EM', latex_label='$\\iota$', unit=None, boundary=None)
16:11 INFO    :   log10_mej_wind = Uniform(minimum=-3.0, maximum=-0.5, name='log10_mej_wind', latex_label='$\\log_{10}M^{\\rm{wind}}_{\\rm{ej}}$', unit=None, boundary=None)
16:11 INFO    :   log10_mej_dyn = Uniform(minimum=-3.0, maximum=-1.0, name='log10_mej_dyn', latex_label='$\\log_{10}M^{\\rm{dyn}}_{\\rm{ej}}$', unit=None, boundary=None)
16:11 INFO    :   log10_mej_wind = Uniform(minimum=-3.0, maximum=-0.5, name='log10_mej_wind', latex_label='$\\log_{10}M^{\\rm{wind}}_{\\rm{ej}}$', unit=None, boundary=None)
16:11 INFO    :   Ebv = Interped(xx=array([0.e+00, 1.e-06]), yy=array([2000000.,       0.]), minimum=0.0, maximum=1e-06, name='Ebv', latex_label='$E(B-V)$', unit=None, boundary=None)
16:11 INFO    :   KNtimeshift = 0.0
16:11 INFO    :   Ebv = Interped(xx=array([0.e+00, 1.e-06]), yy=array([2000000.,       0.]), minimum=0.0, maximum=1e-06, name='Ebv', latex_label='$E(B-V)$', unit=None, boundary=None)
16:11 INFO    :   KNtimeshift = 0.0
16:11 WARNING : Supplied argument 'npool' not an argument of 'Pymultinest', removing.
16:11 WARNING : Supplied argument 'queue_size' not an argument of 'Pymultinest', removing.
16:11 WARNING : Supplied argument 'check_point_delta_t' not an argument of 'Pymultinest', removing.
16:11 WARNING : Supplied argument 'npool' not an argument of 'Pymultinest', removing.
16:11 WARNING : Supplied argument 'queue_size' not an argument of 'Pymultinest', removing.
16:11 WARNING : Supplied argument 'check_point_delta_t' not an argument of 'Pymultinest', removing.
16:11 INFO    : Using sampler Pymultinest with kwargs {'importance_nested_sampling': False, 'resume': True, 'verbose': True, 'sampling_efficiency': 'parameter', 'n_live_points': 8, 'n_params': 6, 'n_clustering_params': None, 'wrapped_params': None, 'multimodal': True, 'const_efficiency_mode': False, 'evidence_tolerance': 0.5, 'n_iter_before_update': 100, 'null_log_evidence': -1e+90, 'max_modes': 100, 'mode_tolerance': -1e+90, 'seed': 42, 'context': 0, 'write_output': True, 'log_zero': -1e+100, 'max_iter': 0, 'init_MPI': False, 'dump_callback': <bound method Pymultinest._dump_callback of <bilby.core.sampler.pymultinest.Pymultinest object at 0x7f53ab70ff90>>}
16:11 INFO    : Using sampler Pymultinest with kwargs {'importance_nested_sampling': False, 'resume': True, 'verbose': True, 'sampling_efficiency': 'parameter', 'n_live_points': 8, 'n_params': 6, 'n_clustering_params': None, 'wrapped_params': None, 'multimodal': True, 'const_efficiency_mode': False, 'evidence_tolerance': 0.5, 'n_iter_before_update': 100, 'null_log_evidence': -1e+90, 'max_modes': 100, 'mode_tolerance': -1e+90, 'seed': 42, 'context': 0, 'write_output': True, 'log_zero': -1e+100, 'max_iter': 0, 'init_MPI': False, 'dump_callback': <bound method Pymultinest._dump_callback of <bilby.core.sampler.pymultinest.Pymultinest object at 0x7f4b64b945d0>>}
16:11 INFO    : Temporary directory incompatible with MPI, will run in original directory
16:11 INFO    : Temporary directory incompatible with MPI, will run in original directory
16:11 INFO    : Using output file ./outdir/pm_AT2017gfo_Bu2019lm/
16:11 INFO    : Using output file ./outdir/pm_AT2017gfo_Bu2019lm/
16:11 INFO    : Sampling time: 0:01:45.137893
16:11 INFO    : Sampling time: 0:01:45.137963
16:11 INFO    : Summary of results:
nsamples: 45
ln_noise_evidence:  0.000
ln_evidence: -137.299 +/-  0.486
ln_bayes_factor: -137.299 +/-  0.486

16:11 INFO    : Writing samples file to /mnt/c/Users/Tyler/Documents/GitHub/UMN0Summer/GW170817/outdir/AT2017gfo_Bu2019lm_posterior_samples.dat
16:15 INFO    : Running for label 'AT2017gfo_Bu2019lm', output will be saved to './outdir'
16:15 INFO    : Running for label 'AT2017gfo_Bu2019lm', output will be saved to './outdir'
16:15 INFO    : Search parameters:
16:15 INFO    :   luminosity_distance = Gaussian(mu=40.0, sigma=1.89, name='luminosity_distance', latex_label='$D_L$', unit=None, boundary=None)
16:15 INFO    :   KNphi = Uniform(minimum=15.0, maximum=75.0, name='KNphi', latex_label='$\\Phi$', unit=None, boundary=None)
16:15 INFO    :   inclination_EM = Sine(minimum=0.0, maximum=1.5707963267948966, name='inclination_EM', latex_label='$\\iota$', unit=None, boundary=None)
16:15 INFO    :   log10_mej_dyn = Uniform(minimum=-3.0, maximum=-1.0, name='log10_mej_dyn', latex_label='$\\log_{10}M^{\\rm{dyn}}_{\\rm{ej}}$', unit=None, boundary=None)
16:15 INFO    :   log10_mej_wind = Uniform(minimum=-3.0, maximum=-0.5, name='log10_mej_wind', latex_label='$\\log_{10}M^{\\rm{wind}}_{\\rm{ej}}$', unit=None, boundary=None)
16:15 INFO    :   Ebv = Interped(xx=array([0.e+00, 1.e-06]), yy=array([2000000.,       0.]), minimum=0.0, maximum=1e-06, name='Ebv', latex_label='$E(B-V)$', unit=None, boundary=None)
16:15 INFO    :   KNtimeshift = 0.0
16:15 WARNING : Supplied argument 'npool' not an argument of 'Pymultinest', removing.
16:15 WARNING : Supplied argument 'queue_size' not an argument of 'Pymultinest', removing.
16:15 WARNING : Supplied argument 'check_point_delta_t' not an argument of 'Pymultinest', removing.
16:15 INFO    : Using sampler Pymultinest with kwargs {'importance_nested_sampling': False, 'resume': True, 'verbose': True, 'sampling_efficiency': 'parameter', 'n_live_points': 8, 'n_params': 6, 'n_clustering_params': None, 'wrapped_params': None, 'multimodal': True, 'const_efficiency_mode': False, 'evidence_tolerance': 0.5, 'n_iter_before_update': 100, 'null_log_evidence': -1e+90, 'max_modes': 100, 'mode_tolerance': -1e+90, 'seed': 42, 'context': 0, 'write_output': True, 'log_zero': -1e+100, 'max_iter': 0, 'init_MPI': False, 'dump_callback': <bound method Pymultinest._dump_callback of <bilby.core.sampler.pymultinest.Pymultinest object at 0x7fa4fc7cc090>>}
16:15 INFO    : Temporary directory incompatible with MPI, will run in original directory
16:15 INFO    : Using output file ./outdir/pm_AT2017gfo_Bu2019lm/
16:15 INFO    : Search parameters:
16:15 INFO    :   luminosity_distance = Gaussian(mu=40.0, sigma=1.89, name='luminosity_distance', latex_label='$D_L$', unit=None, boundary=None)
16:15 INFO    :   KNphi = Uniform(minimum=15.0, maximum=75.0, name='KNphi', latex_label='$\\Phi$', unit=None, boundary=None)
16:15 INFO    :   inclination_EM = Sine(minimum=0.0, maximum=1.5707963267948966, name='inclination_EM', latex_label='$\\iota$', unit=None, boundary=None)
16:15 INFO    :   log10_mej_dyn = Uniform(minimum=-3.0, maximum=-1.0, name='log10_mej_dyn', latex_label='$\\log_{10}M^{\\rm{dyn}}_{\\rm{ej}}$', unit=None, boundary=None)
16:15 INFO    :   log10_mej_wind = Uniform(minimum=-3.0, maximum=-0.5, name='log10_mej_wind', latex_label='$\\log_{10}M^{\\rm{wind}}_{\\rm{ej}}$', unit=None, boundary=None)
16:15 INFO    :   Ebv = Interped(xx=array([0.e+00, 1.e-06]), yy=array([2000000.,       0.]), minimum=0.0, maximum=1e-06, name='Ebv', latex_label='$E(B-V)$', unit=None, boundary=None)
16:15 INFO    :   KNtimeshift = 0.0
16:15 WARNING : Supplied argument 'npool' not an argument of 'Pymultinest', removing.
16:15 WARNING : Supplied argument 'queue_size' not an argument of 'Pymultinest', removing.
16:15 WARNING : Supplied argument 'check_point_delta_t' not an argument of 'Pymultinest', removing.
16:15 INFO    : Using sampler Pymultinest with kwargs {'importance_nested_sampling': False, 'resume': True, 'verbose': True, 'sampling_efficiency': 'parameter', 'n_live_points': 8, 'n_params': 6, 'n_clustering_params': None, 'wrapped_params': None, 'multimodal': True, 'const_efficiency_mode': False, 'evidence_tolerance': 0.5, 'n_iter_before_update': 100, 'null_log_evidence': -1e+90, 'max_modes': 100, 'mode_tolerance': -1e+90, 'seed': 42, 'context': 0, 'write_output': True, 'log_zero': -1e+100, 'max_iter': 0, 'init_MPI': False, 'dump_callback': <bound method Pymultinest._dump_callback of <bilby.core.sampler.pymultinest.Pymultinest object at 0x7fa18eb31050>>}
16:15 INFO    : Temporary directory incompatible with MPI, will run in original directory
16:15 INFO    : Using output file ./outdir/pm_AT2017gfo_Bu2019lm/
16:15 INFO    : Sampling time: 0:01:45.190465
16:15 INFO    : Sampling time: 0:01:45.146096
16:15 INFO    : Summary of results:
nsamples: 45
ln_noise_evidence:  0.000
ln_evidence: -137.299 +/-  0.486
ln_bayes_factor: -137.299 +/-  0.486

16:15 INFO    : Writing samples file to /mnt/c/Users/Tyler/Documents/GitHub/UMN0Summer/GW170817/outdir/AT2017gfo_Bu2019lm_posterior_samples.dat
